

Started GET "/" for ::1 at 2015-09-16 11:19:37 -0400
Processing by Rails::WelcomeController#index as HTML
  Rendered /Users/Kwsilas/.rbenv/versions/2.2.0/lib/ruby/gems/2.2.0/gems/railties-4.2.3/lib/rails/templates/rails/welcome/index.html.erb (2.1ms)
Completed 200 OK in 18ms (Views: 10.3ms | ActiveRecord: 0.0ms)


Started GET "/" for ::1 at 2015-09-16 11:19:38 -0400
Processing by Rails::WelcomeController#index as HTML
  Rendered /Users/Kwsilas/.rbenv/versions/2.2.0/lib/ruby/gems/2.2.0/gems/railties-4.2.3/lib/rails/templates/rails/welcome/index.html.erb (0.0ms)
Completed 200 OK in 2ms (Views: 2.0ms | ActiveRecord: 0.0ms)


Started GET "/myhike" for ::1 at 2015-09-16 11:19:48 -0400

ActionController::RoutingError (No route matches [GET] "/myhike"):
  actionpack (4.2.3) lib/action_dispatch/middleware/debug_exceptions.rb:21:in `call'
  web-console (2.2.1) lib/web_console/middleware.rb:39:in `call'
  actionpack (4.2.3) lib/action_dispatch/middleware/show_exceptions.rb:30:in `call'
  railties (4.2.3) lib/rails/rack/logger.rb:38:in `call_app'
  railties (4.2.3) lib/rails/rack/logger.rb:20:in `block in call'
  activesupport (4.2.3) lib/active_support/tagged_logging.rb:68:in `block in tagged'
  activesupport (4.2.3) lib/active_support/tagged_logging.rb:26:in `tagged'
  activesupport (4.2.3) lib/active_support/tagged_logging.rb:68:in `tagged'
  railties (4.2.3) lib/rails/rack/logger.rb:20:in `call'
  actionpack (4.2.3) lib/action_dispatch/middleware/request_id.rb:21:in `call'
  rack (1.6.4) lib/rack/methodoverride.rb:22:in `call'
  rack (1.6.4) lib/rack/runtime.rb:18:in `call'
  activesupport (4.2.3) lib/active_support/cache/strategy/local_cache_middleware.rb:28:in `call'
  rack (1.6.4) lib/rack/lock.rb:17:in `call'
  actionpack (4.2.3) lib/action_dispatch/middleware/static.rb:116:in `call'
  rack (1.6.4) lib/rack/sendfile.rb:113:in `call'
  railties (4.2.3) lib/rails/engine.rb:518:in `call'
  railties (4.2.3) lib/rails/application.rb:165:in `call'
  rack (1.6.4) lib/rack/lock.rb:17:in `call'
  rack (1.6.4) lib/rack/content_length.rb:15:in `call'
  rack (1.6.4) lib/rack/handler/webrick.rb:88:in `service'
  /Users/Kwsilas/.rbenv/versions/2.2.0/lib/ruby/2.2.0/webrick/httpserver.rb:138:in `service'
  /Users/Kwsilas/.rbenv/versions/2.2.0/lib/ruby/2.2.0/webrick/httpserver.rb:94:in `run'
  /Users/Kwsilas/.rbenv/versions/2.2.0/lib/ruby/2.2.0/webrick/server.rb:294:in `block in start_thread'


  Rendered /Users/Kwsilas/.rbenv/versions/2.2.0/lib/ruby/gems/2.2.0/gems/actionpack-4.2.3/lib/action_dispatch/middleware/templates/rescues/_trace.html.erb (1.9ms)
  Rendered /Users/Kwsilas/.rbenv/versions/2.2.0/lib/ruby/gems/2.2.0/gems/actionpack-4.2.3/lib/action_dispatch/middleware/templates/routes/_table.html.erb (10.3ms)
  Rendered /Users/Kwsilas/.rbenv/versions/2.2.0/lib/ruby/gems/2.2.0/gems/actionpack-4.2.3/lib/action_dispatch/middleware/templates/rescues/_request_and_response.html.erb (1.3ms)
  Rendered /Users/Kwsilas/.rbenv/versions/2.2.0/lib/ruby/gems/2.2.0/gems/actionpack-4.2.3/lib/action_dispatch/middleware/templates/rescues/routing_error.html.erb within rescues/layout (66.5ms)
  Rendered /Users/Kwsilas/.rbenv/versions/2.2.0/lib/ruby/gems/2.2.0/gems/web-console-2.2.1/lib/web_console/templates/_markup.html.erb (0.4ms)
  Rendered /Users/Kwsilas/.rbenv/versions/2.2.0/lib/ruby/gems/2.2.0/gems/web-console-2.2.1/lib/web_console/templates/_inner_console_markup.html.erb within layouts/inlined_string (0.3ms)
  Rendered /Users/Kwsilas/.rbenv/versions/2.2.0/lib/ruby/gems/2.2.0/gems/web-console-2.2.1/lib/web_console/templates/_prompt_box_markup.html.erb within layouts/inlined_string (0.3ms)
  Rendered /Users/Kwsilas/.rbenv/versions/2.2.0/lib/ruby/gems/2.2.0/gems/web-console-2.2.1/lib/web_console/templates/style.css.erb within layouts/inlined_string (0.3ms)
  Rendered /Users/Kwsilas/.rbenv/versions/2.2.0/lib/ruby/gems/2.2.0/gems/web-console-2.2.1/lib/web_console/templates/console.js.erb within layouts/javascript (49.2ms)
  Rendered /Users/Kwsilas/.rbenv/versions/2.2.0/lib/ruby/gems/2.2.0/gems/web-console-2.2.1/lib/web_console/templates/main.js.erb within layouts/javascript (0.4ms)
  Rendered /Users/Kwsilas/.rbenv/versions/2.2.0/lib/ruby/gems/2.2.0/gems/web-console-2.2.1/lib/web_console/templates/error_page.js.erb within layouts/javascript (0.5ms)
  Rendered /Users/Kwsilas/.rbenv/versions/2.2.0/lib/ruby/gems/2.2.0/gems/web-console-2.2.1/lib/web_console/templates/index.html.erb (111.7ms)


Started GET "/" for ::1 at 2015-09-16 12:06:01 -0400
Processing by StaticPagesController#home as HTML
  Rendered static_pages/home.html.erb within layouts/application (1.2ms)
  Rendered layouts/_navigation_links.html.erb (0.3ms)
  Rendered layouts/_navigation.html.erb (2.2ms)
  Rendered layouts/_messages.html.erb (0.5ms)
Completed 200 OK in 3774ms (Views: 3765.2ms | ActiveRecord: 0.0ms)


Started GET "/" for ::1 at 2015-09-16 12:06:05 -0400
Processing by StaticPagesController#home as HTML
  Rendered static_pages/home.html.erb within layouts/application (0.0ms)
  Rendered layouts/_navigation_links.html.erb (0.1ms)
  Rendered layouts/_navigation.html.erb (1.4ms)
  Rendered layouts/_messages.html.erb (0.1ms)
Completed 200 OK in 120ms (Views: 119.0ms | ActiveRecord: 0.0ms)


Started GET "/assets/application.self-ab655c436bbb869fad6a7e15557e67bf4cd567b85aedaa99a8acfa240190188e.css?body=1" for ::1 at 2015-09-16 12:06:05 -0400


Started GET "/about" for ::1 at 2015-09-16 12:06:29 -0400
Processing by StaticPagesController#about as HTML
  Rendered static_pages/about.html.erb within layouts/application (0.3ms)
  Rendered layouts/_navigation_links.html.erb (0.4ms)
  Rendered layouts/_navigation.html.erb (2.5ms)
  Rendered layouts/_messages.html.erb (0.4ms)
Completed 200 OK in 111ms (Views: 110.7ms | ActiveRecord: 0.0ms)


Started GET "/about" for ::1 at 2015-09-16 12:08:14 -0400
Processing by StaticPagesController#about as HTML
  Rendered static_pages/about.html.erb within layouts/application (0.4ms)
  Rendered layouts/_navigation_links.html.erb (0.1ms)
  Rendered layouts/_navigation.html.erb (1.3ms)
  Rendered layouts/_messages.html.erb (0.1ms)
Completed 200 OK in 101ms (Views: 100.6ms | ActiveRecord: 0.0ms)


Started GET "/assets/jquery.self-a714331225dda820228db323939889f149aec0127aeb06255646b616ba1ca419.js?body=1" for ::1 at 2015-09-16 12:08:14 -0400


Started GET "/assets/bootstrap/modal.self-f2759e138605770e60526c00c6d86cbb3378da203641f9d6b204c9f0192b9267.js?body=1" for ::1 at 2015-09-16 12:08:14 -0400


Started GET "/assets/application.self-ab655c436bbb869fad6a7e15557e67bf4cd567b85aedaa99a8acfa240190188e.css?body=1" for ::1 at 2015-09-16 12:08:14 -0400


Started GET "/assets/jquery_ujs.self-d456baa54c1fa6be2ec3711f0a72ddf7a5b2f34a6b4f515f33767d6207b7d4b3.js?body=1" for ::1 at 2015-09-16 12:08:15 -0400


Started GET "/assets/turbolinks.self-c37727e9bd6b2735da5c311aa83fead54ed0be6cc8bd9a65309e9c5abe2cbfff.js?body=1" for ::1 at 2015-09-16 12:08:15 -0400


Started GET "/assets/bootstrap/collapse.self-eeece00cd06a3d7cc071ab7845b549d4991edd0f0895e4be70fe40bac2fb5f4b.js?body=1" for ::1 at 2015-09-16 12:08:15 -0400


Started GET "/assets/bootstrap/button.self-37c62bff1d75f86f3348b8679873d5156d8b9938b62841038dca21690f4740f1.js?body=1" for ::1 at 2015-09-16 12:08:15 -0400


Started GET "/assets/bootstrap/affix.self-68d1a5161d04ca9fe1b9d9f4114d9426c7798bf90f2703a97aca35c8113469bb.js?body=1" for ::1 at 2015-09-16 12:08:15 -0400


Started GET "/assets/bootstrap/tab.self-e1bba7115c90301056ee94c4716de2fcbe4498015def2dab9ff9879f339bd245.js?body=1" for ::1 at 2015-09-16 12:08:15 -0400


Started GET "/assets/bootstrap/alert.self-15ce09eba576e56db3edfd87accc0ff48823df915169e350b4fd97290f96aee1.js?body=1" for ::1 at 2015-09-16 12:08:15 -0400


Started GET "/assets/bootstrap/transition.self-7742dca5e6acf313fbb217811b48468282cddf1a9baea5c89ec92e367ef242cb.js?body=1" for ::1 at 2015-09-16 12:08:15 -0400


Started GET "/assets/bootstrap/tooltip.self-c3b5c16f394ab9c0391db4431aac4f2d2ddf1bba4c5d3228ed343de05ecc8e83.js?body=1" for ::1 at 2015-09-16 12:08:15 -0400


Started GET "/assets/bootstrap/popover.self-2674d99c3ab0415dba0b958a80b3840f70ff6368b155d890306c0291be49453b.js?body=1" for ::1 at 2015-09-16 12:08:15 -0400


Started GET "/assets/bootstrap/scrollspy.self-5ea180afe4404f83fc97d997833f2edefd34475b0b5ddab310e27abc2bbd5f2f.js?body=1" for ::1 at 2015-09-16 12:08:15 -0400


Started GET "/assets/bootstrap/dropdown.self-a3998e7ca949c04cb86b5c635deb0abcc7a24dc02e81be66b8acfef02d811e45.js?body=1" for ::1 at 2015-09-16 12:08:15 -0400


Started GET "/assets/bootstrap/carousel.self-9aaab1a477b9c1156bab751cb8da47f77dace6da88eef8ae830e60f3cff3a8be.js?body=1" for ::1 at 2015-09-16 12:08:15 -0400


Started GET "/assets/bootstrap.self-fbfa5ad7d9aa0afe439ec4ff3883acc4cb92b62cb67c40d674320c9aa1d4642d.js?body=1" for ::1 at 2015-09-16 12:08:15 -0400


Started GET "/assets/static_pages.self-877aef30ae1b040ab8a3aba4e3e309a11d7f2612f44dde450b5c157aa5f95c05.js?body=1" for ::1 at 2015-09-16 12:08:15 -0400


Started GET "/assets/application.self-f8806224e027f3e3f0138ea9ce99319e298dfdb323304d1f1be6eae8e8c74724.js?body=1" for ::1 at 2015-09-16 12:08:15 -0400


Started GET "/" for ::1 at 2015-09-16 12:08:20 -0400
Processing by StaticPagesController#home as HTML
  Rendered static_pages/home.html.erb within layouts/application (0.3ms)
  Rendered layouts/_navigation_links.html.erb (0.1ms)
  Rendered layouts/_navigation.html.erb (1.7ms)
  Rendered layouts/_messages.html.erb (0.1ms)
Completed 200 OK in 96ms (Views: 95.4ms | ActiveRecord: 0.0ms)


Started GET "/" for ::1 at 2015-09-16 12:08:42 -0400
Processing by StaticPagesController#home as HTML
  Rendered static_pages/home.html.erb within layouts/application (1.2ms)
  Rendered layouts/_navigation_links.html.erb (0.4ms)
  Rendered layouts/_navigation.html.erb (2.7ms)
  Rendered layouts/_messages.html.erb (0.5ms)
Completed 200 OK in 395ms (Views: 386.5ms | ActiveRecord: 0.0ms)


Started GET "/assets/jquery_ujs.self-d456baa54c1fa6be2ec3711f0a72ddf7a5b2f34a6b4f515f33767d6207b7d4b3.js?body=1" for ::1 at 2015-09-16 12:08:43 -0400


Started GET "/assets/jquery.self-a714331225dda820228db323939889f149aec0127aeb06255646b616ba1ca419.js?body=1" for ::1 at 2015-09-16 12:08:43 -0400


Started GET "/assets/bootstrap/modal.self-f2759e138605770e60526c00c6d86cbb3378da203641f9d6b204c9f0192b9267.js?body=1" for ::1 at 2015-09-16 12:08:43 -0400


Started GET "/assets/turbolinks.self-c37727e9bd6b2735da5c311aa83fead54ed0be6cc8bd9a65309e9c5abe2cbfff.js?body=1" for ::1 at 2015-09-16 12:08:43 -0400


Started GET "/assets/bootstrap/button.self-37c62bff1d75f86f3348b8679873d5156d8b9938b62841038dca21690f4740f1.js?body=1" for ::1 at 2015-09-16 12:08:43 -0400


Started GET "/assets/bootstrap/collapse.self-eeece00cd06a3d7cc071ab7845b549d4991edd0f0895e4be70fe40bac2fb5f4b.js?body=1" for ::1 at 2015-09-16 12:08:43 -0400


Started GET "/assets/bootstrap/affix.self-68d1a5161d04ca9fe1b9d9f4114d9426c7798bf90f2703a97aca35c8113469bb.js?body=1" for ::1 at 2015-09-16 12:08:43 -0400


Started GET "/assets/application.self-ab655c436bbb869fad6a7e15557e67bf4cd567b85aedaa99a8acfa240190188e.css?body=1" for ::1 at 2015-09-16 12:08:43 -0400


Started GET "/assets/bootstrap/tab.self-e1bba7115c90301056ee94c4716de2fcbe4498015def2dab9ff9879f339bd245.js?body=1" for ::1 at 2015-09-16 12:08:43 -0400


Started GET "/assets/bootstrap/alert.self-15ce09eba576e56db3edfd87accc0ff48823df915169e350b4fd97290f96aee1.js?body=1" for ::1 at 2015-09-16 12:08:43 -0400


Started GET "/assets/bootstrap/transition.self-7742dca5e6acf313fbb217811b48468282cddf1a9baea5c89ec92e367ef242cb.js?body=1" for ::1 at 2015-09-16 12:08:43 -0400


Started GET "/assets/bootstrap/tooltip.self-c3b5c16f394ab9c0391db4431aac4f2d2ddf1bba4c5d3228ed343de05ecc8e83.js?body=1" for ::1 at 2015-09-16 12:08:43 -0400


Started GET "/assets/bootstrap/popover.self-2674d99c3ab0415dba0b958a80b3840f70ff6368b155d890306c0291be49453b.js?body=1" for ::1 at 2015-09-16 12:08:43 -0400


Started GET "/assets/bootstrap/scrollspy.self-5ea180afe4404f83fc97d997833f2edefd34475b0b5ddab310e27abc2bbd5f2f.js?body=1" for ::1 at 2015-09-16 12:08:43 -0400


Started GET "/assets/bootstrap/dropdown.self-a3998e7ca949c04cb86b5c635deb0abcc7a24dc02e81be66b8acfef02d811e45.js?body=1" for ::1 at 2015-09-16 12:08:43 -0400


Started GET "/assets/bootstrap/carousel.self-9aaab1a477b9c1156bab751cb8da47f77dace6da88eef8ae830e60f3cff3a8be.js?body=1" for ::1 at 2015-09-16 12:08:43 -0400


Started GET "/assets/bootstrap.self-fbfa5ad7d9aa0afe439ec4ff3883acc4cb92b62cb67c40d674320c9aa1d4642d.js?body=1" for ::1 at 2015-09-16 12:08:43 -0400


Started GET "/assets/static_pages.self-877aef30ae1b040ab8a3aba4e3e309a11d7f2612f44dde450b5c157aa5f95c05.js?body=1" for ::1 at 2015-09-16 12:08:43 -0400


Started GET "/assets/application.self-f8806224e027f3e3f0138ea9ce99319e298dfdb323304d1f1be6eae8e8c74724.js?body=1" for ::1 at 2015-09-16 12:08:43 -0400


Started GET "/" for ::1 at 2015-09-16 12:12:41 -0400
Processing by StaticPagesController#home as HTML
  Rendered static_pages/home.html.erb within layouts/application (1.3ms)
  Rendered layouts/_navigation_links.html.erb (0.5ms)
  Rendered layouts/_navigation.html.erb (2.7ms)
  Rendered layouts/_messages.html.erb (0.6ms)
Completed 200 OK in 399ms (Views: 383.8ms | ActiveRecord: 0.0ms)


Started GET "/" for ::1 at 2015-09-16 12:12:41 -0400
Processing by StaticPagesController#home as HTML
  Rendered static_pages/home.html.erb within layouts/application (0.0ms)
  Rendered layouts/_navigation_links.html.erb (0.1ms)
  Rendered layouts/_navigation.html.erb (1.5ms)
  Rendered layouts/_messages.html.erb (0.1ms)
Completed 200 OK in 111ms (Views: 110.7ms | ActiveRecord: 0.0ms)


Started GET "/about" for ::1 at 2015-09-16 12:12:54 -0400
Processing by StaticPagesController#about as HTML
  Rendered static_pages/about.html.erb within layouts/application (0.3ms)
  Rendered layouts/_navigation_links.html.erb (0.3ms)
  Rendered layouts/_navigation.html.erb (2.3ms)
  Rendered layouts/_messages.html.erb (0.4ms)
Completed 200 OK in 94ms (Views: 93.6ms | ActiveRecord: 0.0ms)


Started GET "/" for ::1 at 2015-09-16 12:12:57 -0400
Processing by StaticPagesController#home as HTML
  Rendered static_pages/home.html.erb within layouts/application (0.2ms)
  Rendered layouts/_navigation_links.html.erb (0.1ms)
  Rendered layouts/_navigation.html.erb (1.6ms)
  Rendered layouts/_messages.html.erb (0.1ms)
Completed 200 OK in 109ms (Views: 108.0ms | ActiveRecord: 0.0ms)


Started GET "/" for ::1 at 2015-09-16 12:15:12 -0400
Processing by StaticPagesController#home as HTML
  Rendered static_pages/home.html.erb within layouts/application (0.0ms)
  Rendered layouts/_navigation_links.html.erb (0.0ms)
  Rendered layouts/_navigation.html.erb (1.1ms)
  Rendered layouts/_messages.html.erb (0.1ms)
Completed 200 OK in 96ms (Views: 95.3ms | ActiveRecord: 0.0ms)


Started GET "/assets/jquery.self-a714331225dda820228db323939889f149aec0127aeb06255646b616ba1ca419.js?body=1" for ::1 at 2015-09-16 12:15:12 -0400


Started GET "/assets/turbolinks.self-c37727e9bd6b2735da5c311aa83fead54ed0be6cc8bd9a65309e9c5abe2cbfff.js?body=1" for ::1 at 2015-09-16 12:15:12 -0400


Started GET "/assets/jquery_ujs.self-d456baa54c1fa6be2ec3711f0a72ddf7a5b2f34a6b4f515f33767d6207b7d4b3.js?body=1" for ::1 at 2015-09-16 12:15:12 -0400


Started GET "/assets/bootstrap/collapse.self-eeece00cd06a3d7cc071ab7845b549d4991edd0f0895e4be70fe40bac2fb5f4b.js?body=1" for ::1 at 2015-09-16 12:15:12 -0400


Started GET "/assets/bootstrap/modal.self-f2759e138605770e60526c00c6d86cbb3378da203641f9d6b204c9f0192b9267.js?body=1" for ::1 at 2015-09-16 12:15:12 -0400


Started GET "/assets/bootstrap/alert.self-15ce09eba576e56db3edfd87accc0ff48823df915169e350b4fd97290f96aee1.js?body=1" for ::1 at 2015-09-16 12:15:12 -0400


Started GET "/assets/bootstrap/button.self-37c62bff1d75f86f3348b8679873d5156d8b9938b62841038dca21690f4740f1.js?body=1" for ::1 at 2015-09-16 12:15:12 -0400


Started GET "/assets/bootstrap/affix.self-68d1a5161d04ca9fe1b9d9f4114d9426c7798bf90f2703a97aca35c8113469bb.js?body=1" for ::1 at 2015-09-16 12:15:12 -0400


Started GET "/assets/bootstrap/tab.self-e1bba7115c90301056ee94c4716de2fcbe4498015def2dab9ff9879f339bd245.js?body=1" for ::1 at 2015-09-16 12:15:12 -0400


Started GET "/assets/application.self-ab655c436bbb869fad6a7e15557e67bf4cd567b85aedaa99a8acfa240190188e.css?body=1" for ::1 at 2015-09-16 12:15:12 -0400


Started GET "/assets/bootstrap/transition.self-7742dca5e6acf313fbb217811b48468282cddf1a9baea5c89ec92e367ef242cb.js?body=1" for ::1 at 2015-09-16 12:15:12 -0400


Started GET "/assets/bootstrap/tooltip.self-c3b5c16f394ab9c0391db4431aac4f2d2ddf1bba4c5d3228ed343de05ecc8e83.js?body=1" for ::1 at 2015-09-16 12:15:12 -0400


Started GET "/assets/bootstrap/popover.self-2674d99c3ab0415dba0b958a80b3840f70ff6368b155d890306c0291be49453b.js?body=1" for ::1 at 2015-09-16 12:15:12 -0400


Started GET "/assets/bootstrap/scrollspy.self-5ea180afe4404f83fc97d997833f2edefd34475b0b5ddab310e27abc2bbd5f2f.js?body=1" for ::1 at 2015-09-16 12:15:12 -0400


Started GET "/assets/bootstrap/dropdown.self-a3998e7ca949c04cb86b5c635deb0abcc7a24dc02e81be66b8acfef02d811e45.js?body=1" for ::1 at 2015-09-16 12:15:12 -0400


Started GET "/assets/bootstrap/carousel.self-9aaab1a477b9c1156bab751cb8da47f77dace6da88eef8ae830e60f3cff3a8be.js?body=1" for ::1 at 2015-09-16 12:15:12 -0400


Started GET "/assets/bootstrap.self-fbfa5ad7d9aa0afe439ec4ff3883acc4cb92b62cb67c40d674320c9aa1d4642d.js?body=1" for ::1 at 2015-09-16 12:15:12 -0400


Started GET "/assets/static_pages.self-877aef30ae1b040ab8a3aba4e3e309a11d7f2612f44dde450b5c157aa5f95c05.js?body=1" for ::1 at 2015-09-16 12:15:12 -0400


Started GET "/assets/application.self-f8806224e027f3e3f0138ea9ce99319e298dfdb323304d1f1be6eae8e8c74724.js?body=1" for ::1 at 2015-09-16 12:15:12 -0400


Started GET "/about" for ::1 at 2015-09-16 12:15:18 -0400
Processing by StaticPagesController#about as HTML
  Rendered static_pages/about.html.erb within layouts/application (0.1ms)
  Rendered layouts/_navigation_links.html.erb (0.1ms)
  Rendered layouts/_navigation.html.erb (1.5ms)
  Rendered layouts/_messages.html.erb (0.0ms)
Completed 200 OK in 99ms (Views: 98.6ms | ActiveRecord: 0.0ms)


Started GET "/about" for ::1 at 2015-09-16 12:17:10 -0400
Processing by StaticPagesController#about as HTML
  Rendered static_pages/about.html.erb within layouts/application (0.0ms)
  Rendered layouts/_navigation_links.html.erb (0.0ms)
  Rendered layouts/_navigation.html.erb (1.5ms)
  Rendered layouts/_messages.html.erb (0.1ms)
Completed 200 OK in 96ms (Views: 95.3ms | ActiveRecord: 0.0ms)


Started GET "/" for ::1 at 2015-09-16 12:17:32 -0400
Processing by StaticPagesController#home as HTML
  Rendered static_pages/home.html.erb within layouts/application (0.0ms)
  Rendered layouts/_navigation_links.html.erb (0.1ms)
  Rendered layouts/_navigation.html.erb (1.5ms)
  Rendered layouts/_messages.html.erb (0.0ms)
Completed 200 OK in 97ms (Views: 96.4ms | ActiveRecord: 0.0ms)


Started GET "/about" for ::1 at 2015-09-16 12:17:50 -0400
Processing by StaticPagesController#about as HTML
  Rendered static_pages/about.html.erb within layouts/application (0.1ms)
  Rendered layouts/_navigation_links.html.erb (0.1ms)
  Rendered layouts/_navigation.html.erb (1.8ms)
  Rendered layouts/_messages.html.erb (0.1ms)
Completed 200 OK in 94ms (Views: 93.5ms | ActiveRecord: 0.0ms)


Started GET "/" for ::1 at 2015-09-16 12:17:55 -0400
Processing by StaticPagesController#home as HTML
  Rendered static_pages/home.html.erb within layouts/application (0.0ms)
  Rendered layouts/_navigation_links.html.erb (0.0ms)
  Rendered layouts/_navigation.html.erb (1.6ms)
  Rendered layouts/_messages.html.erb (0.1ms)
Completed 200 OK in 96ms (Views: 95.6ms | ActiveRecord: 0.0ms)


Started GET "/" for ::1 at 2015-09-16 12:20:16 -0400
Processing by StaticPagesController#home as HTML
  Rendered static_pages/home.html.erb within layouts/application (0.0ms)
  Rendered layouts/_navigation_links.html.erb (0.2ms)
  Rendered layouts/_navigation.html.erb (2.4ms)
  Rendered layouts/_messages.html.erb (0.1ms)
Completed 200 OK in 98ms (Views: 97.3ms | ActiveRecord: 0.0ms)


Started GET "/assets/jquery.self-a714331225dda820228db323939889f149aec0127aeb06255646b616ba1ca419.js?body=1" for ::1 at 2015-09-16 12:20:16 -0400


Started GET "/assets/application.self-ab655c436bbb869fad6a7e15557e67bf4cd567b85aedaa99a8acfa240190188e.css?body=1" for ::1 at 2015-09-16 12:20:16 -0400


Started GET "/assets/bootstrap/collapse.self-eeece00cd06a3d7cc071ab7845b549d4991edd0f0895e4be70fe40bac2fb5f4b.js?body=1" for ::1 at 2015-09-16 12:20:16 -0400


Started GET "/assets/bootstrap/modal.self-f2759e138605770e60526c00c6d86cbb3378da203641f9d6b204c9f0192b9267.js?body=1" for ::1 at 2015-09-16 12:20:16 -0400


Started GET "/assets/jquery_ujs.self-d456baa54c1fa6be2ec3711f0a72ddf7a5b2f34a6b4f515f33767d6207b7d4b3.js?body=1" for ::1 at 2015-09-16 12:20:16 -0400


Started GET "/assets/turbolinks.self-c37727e9bd6b2735da5c311aa83fead54ed0be6cc8bd9a65309e9c5abe2cbfff.js?body=1" for ::1 at 2015-09-16 12:20:16 -0400


Started GET "/assets/bootstrap/button.self-37c62bff1d75f86f3348b8679873d5156d8b9938b62841038dca21690f4740f1.js?body=1" for ::1 at 2015-09-16 12:20:16 -0400


Started GET "/assets/bootstrap/affix.self-68d1a5161d04ca9fe1b9d9f4114d9426c7798bf90f2703a97aca35c8113469bb.js?body=1" for ::1 at 2015-09-16 12:20:16 -0400


Started GET "/assets/bootstrap/tab.self-e1bba7115c90301056ee94c4716de2fcbe4498015def2dab9ff9879f339bd245.js?body=1" for ::1 at 2015-09-16 12:20:16 -0400


Started GET "/assets/bootstrap/alert.self-15ce09eba576e56db3edfd87accc0ff48823df915169e350b4fd97290f96aee1.js?body=1" for ::1 at 2015-09-16 12:20:16 -0400


Started GET "/assets/bootstrap/transition.self-7742dca5e6acf313fbb217811b48468282cddf1a9baea5c89ec92e367ef242cb.js?body=1" for ::1 at 2015-09-16 12:20:16 -0400


Started GET "/assets/bootstrap/tooltip.self-c3b5c16f394ab9c0391db4431aac4f2d2ddf1bba4c5d3228ed343de05ecc8e83.js?body=1" for ::1 at 2015-09-16 12:20:16 -0400


Started GET "/assets/bootstrap/popover.self-2674d99c3ab0415dba0b958a80b3840f70ff6368b155d890306c0291be49453b.js?body=1" for ::1 at 2015-09-16 12:20:16 -0400


Started GET "/assets/bootstrap/scrollspy.self-5ea180afe4404f83fc97d997833f2edefd34475b0b5ddab310e27abc2bbd5f2f.js?body=1" for ::1 at 2015-09-16 12:20:16 -0400


Started GET "/assets/bootstrap/dropdown.self-a3998e7ca949c04cb86b5c635deb0abcc7a24dc02e81be66b8acfef02d811e45.js?body=1" for ::1 at 2015-09-16 12:20:16 -0400


Started GET "/assets/bootstrap/carousel.self-9aaab1a477b9c1156bab751cb8da47f77dace6da88eef8ae830e60f3cff3a8be.js?body=1" for ::1 at 2015-09-16 12:20:17 -0400


Started GET "/assets/bootstrap.self-fbfa5ad7d9aa0afe439ec4ff3883acc4cb92b62cb67c40d674320c9aa1d4642d.js?body=1" for ::1 at 2015-09-16 12:20:17 -0400


Started GET "/assets/static_pages.self-877aef30ae1b040ab8a3aba4e3e309a11d7f2612f44dde450b5c157aa5f95c05.js?body=1" for ::1 at 2015-09-16 12:20:17 -0400


Started GET "/assets/application.self-f8806224e027f3e3f0138ea9ce99319e298dfdb323304d1f1be6eae8e8c74724.js?body=1" for ::1 at 2015-09-16 12:20:17 -0400


Started GET "/about" for ::1 at 2015-09-16 12:20:27 -0400
Processing by StaticPagesController#about as HTML
  Rendered static_pages/about.html.erb within layouts/application (0.0ms)
  Rendered layouts/_navigation_links.html.erb (0.1ms)
  Rendered layouts/_navigation.html.erb (1.7ms)
  Rendered layouts/_messages.html.erb (0.1ms)
Completed 200 OK in 93ms (Views: 93.1ms | ActiveRecord: 0.0ms)


Started GET "/" for ::1 at 2015-09-16 12:20:31 -0400
Processing by StaticPagesController#home as HTML
  Rendered static_pages/home.html.erb within layouts/application (0.0ms)
  Rendered layouts/_navigation_links.html.erb (0.1ms)
  Rendered layouts/_navigation.html.erb (1.5ms)
  Rendered layouts/_messages.html.erb (0.0ms)
Completed 200 OK in 95ms (Views: 94.8ms | ActiveRecord: 0.0ms)


Started GET "/about" for ::1 at 2015-09-16 12:20:36 -0400
Processing by StaticPagesController#about as HTML
  Rendered static_pages/about.html.erb within layouts/application (0.1ms)
  Rendered layouts/_navigation_links.html.erb (0.0ms)
  Rendered layouts/_navigation.html.erb (1.5ms)
  Rendered layouts/_messages.html.erb (0.1ms)
Completed 200 OK in 95ms (Views: 94.3ms | ActiveRecord: 0.0ms)


Started GET "/" for ::1 at 2015-09-16 12:20:37 -0400
Processing by StaticPagesController#home as HTML
  Rendered static_pages/home.html.erb within layouts/application (0.0ms)
  Rendered layouts/_navigation_links.html.erb (0.1ms)
  Rendered layouts/_navigation.html.erb (2.4ms)
  Rendered layouts/_messages.html.erb (0.1ms)
Completed 200 OK in 100ms (Views: 99.3ms | ActiveRecord: 0.0ms)


Started GET "/" for ::1 at 2015-09-16 18:51:41 -0400
Processing by StaticPagesController#home as HTML
  Rendered static_pages/home.html.erb within layouts/application (1.7ms)
  Rendered layouts/_navigation_links.html.erb (0.6ms)
  Rendered layouts/_navigation.html.erb (2.4ms)
  Rendered layouts/_messages.html.erb (0.4ms)
Completed 200 OK in 1894ms (Views: 1885.1ms | ActiveRecord: 0.0ms)


Started GET "/" for ::1 at 2015-09-16 18:51:43 -0400
Processing by StaticPagesController#home as HTML
  Rendered static_pages/home.html.erb within layouts/application (0.0ms)
  Rendered layouts/_navigation_links.html.erb (0.1ms)
  Rendered layouts/_navigation.html.erb (1.7ms)
  Rendered layouts/_messages.html.erb (0.1ms)
Completed 200 OK in 101ms (Views: 100.8ms | ActiveRecord: 0.0ms)


Started GET "/assets/application.self-a0e293cc5f5eed36707fcf98e3bd06e19c996a86b0d228c83e92c813ed4af99c.css?body=1" for ::1 at 2015-09-16 18:51:44 -0400


Started GET "/about" for ::1 at 2015-09-16 18:51:50 -0400
Processing by StaticPagesController#about as HTML
  Rendered static_pages/about.html.erb within layouts/application (0.3ms)
  Rendered layouts/_navigation_links.html.erb (0.3ms)
  Rendered layouts/_navigation.html.erb (2.2ms)
  Rendered layouts/_messages.html.erb (0.7ms)
Completed 200 OK in 121ms (Views: 120.2ms | ActiveRecord: 0.0ms)


Started GET "/" for ::1 at 2015-09-16 18:51:52 -0400
Processing by StaticPagesController#home as HTML
  Rendered static_pages/home.html.erb within layouts/application (0.3ms)
  Rendered layouts/_navigation_links.html.erb (0.0ms)
  Rendered layouts/_navigation.html.erb (1.5ms)
  Rendered layouts/_messages.html.erb (0.1ms)
Completed 200 OK in 128ms (Views: 127.5ms | ActiveRecord: 0.0ms)


Started GET "/" for ::1 at 2015-09-16 18:52:16 -0400
Processing by StaticPagesController#home as HTML
  Rendered static_pages/home.html.erb within layouts/application (0.0ms)
  Rendered layouts/_navigation_links.html.erb (0.0ms)
  Rendered layouts/_navigation.html.erb (1.1ms)
  Rendered layouts/_messages.html.erb (0.1ms)
Completed 200 OK in 129ms (Views: 128.5ms | ActiveRecord: 0.0ms)


Started GET "/assets/jquery_ujs.self-d456baa54c1fa6be2ec3711f0a72ddf7a5b2f34a6b4f515f33767d6207b7d4b3.js?body=1" for ::1 at 2015-09-16 18:52:16 -0400


Started GET "/assets/turbolinks.self-c37727e9bd6b2735da5c311aa83fead54ed0be6cc8bd9a65309e9c5abe2cbfff.js?body=1" for ::1 at 2015-09-16 18:52:16 -0400


Started GET "/assets/bootstrap/collapse.self-eeece00cd06a3d7cc071ab7845b549d4991edd0f0895e4be70fe40bac2fb5f4b.js?body=1" for ::1 at 2015-09-16 18:52:16 -0400


Started GET "/assets/bootstrap/modal.self-f2759e138605770e60526c00c6d86cbb3378da203641f9d6b204c9f0192b9267.js?body=1" for ::1 at 2015-09-16 18:52:16 -0400


Started GET "/assets/jquery.self-a714331225dda820228db323939889f149aec0127aeb06255646b616ba1ca419.js?body=1" for ::1 at 2015-09-16 18:52:16 -0400


Started GET "/assets/application.self-ab655c436bbb869fad6a7e15557e67bf4cd567b85aedaa99a8acfa240190188e.css?body=1" for ::1 at 2015-09-16 18:52:16 -0400


Started GET "/assets/bootstrap/button.self-37c62bff1d75f86f3348b8679873d5156d8b9938b62841038dca21690f4740f1.js?body=1" for ::1 at 2015-09-16 18:52:16 -0400


Started GET "/assets/bootstrap/affix.self-68d1a5161d04ca9fe1b9d9f4114d9426c7798bf90f2703a97aca35c8113469bb.js?body=1" for ::1 at 2015-09-16 18:52:16 -0400


Started GET "/assets/bootstrap/tab.self-e1bba7115c90301056ee94c4716de2fcbe4498015def2dab9ff9879f339bd245.js?body=1" for ::1 at 2015-09-16 18:52:16 -0400


Started GET "/assets/bootstrap/alert.self-15ce09eba576e56db3edfd87accc0ff48823df915169e350b4fd97290f96aee1.js?body=1" for ::1 at 2015-09-16 18:52:16 -0400


Started GET "/assets/bootstrap/transition.self-7742dca5e6acf313fbb217811b48468282cddf1a9baea5c89ec92e367ef242cb.js?body=1" for ::1 at 2015-09-16 18:52:16 -0400


Started GET "/assets/bootstrap/tooltip.self-c3b5c16f394ab9c0391db4431aac4f2d2ddf1bba4c5d3228ed343de05ecc8e83.js?body=1" for ::1 at 2015-09-16 18:52:16 -0400


Started GET "/assets/bootstrap/popover.self-2674d99c3ab0415dba0b958a80b3840f70ff6368b155d890306c0291be49453b.js?body=1" for ::1 at 2015-09-16 18:52:16 -0400


Started GET "/assets/bootstrap/scrollspy.self-5ea180afe4404f83fc97d997833f2edefd34475b0b5ddab310e27abc2bbd5f2f.js?body=1" for ::1 at 2015-09-16 18:52:16 -0400


Started GET "/assets/bootstrap/dropdown.self-a3998e7ca949c04cb86b5c635deb0abcc7a24dc02e81be66b8acfef02d811e45.js?body=1" for ::1 at 2015-09-16 18:52:16 -0400


Started GET "/assets/bootstrap/carousel.self-9aaab1a477b9c1156bab751cb8da47f77dace6da88eef8ae830e60f3cff3a8be.js?body=1" for ::1 at 2015-09-16 18:52:16 -0400


Started GET "/assets/bootstrap.self-fbfa5ad7d9aa0afe439ec4ff3883acc4cb92b62cb67c40d674320c9aa1d4642d.js?body=1" for ::1 at 2015-09-16 18:52:16 -0400


Started GET "/assets/static_pages.self-877aef30ae1b040ab8a3aba4e3e309a11d7f2612f44dde450b5c157aa5f95c05.js?body=1" for ::1 at 2015-09-16 18:52:16 -0400


Started GET "/assets/application.self-f8806224e027f3e3f0138ea9ce99319e298dfdb323304d1f1be6eae8e8c74724.js?body=1" for ::1 at 2015-09-16 18:52:16 -0400
